<?xml version="1.0" encoding="UTF-8"?>
<testsuite name="tests.PracticeFormWithJavaFaker" tests="1" skipped="0" failures="0" errors="0" timestamp="2024-02-11T07:55:37" hostname="Noutbuk-Kwlad1ck.local" time="6.841">
  <properties/>
  <testcase name="Заполнение формы регистрации с проверкой введеных результатов" classname="tests.PracticeFormWithJavaFaker" time="6.841"/>
  <system-out><![CDATA[]]></system-out>
  <system-err><![CDATA[февр. 11, 2024 10:55:39 AM org.openqa.selenium.devtools.CdpVersionFinder findNearestMatch
WARNING: Unable to find an exact match for CDP version 121, so returning the closest version found: 117
]]></system-err>
</testsuite>
