<?xml version="1.0" encoding="UTF-8"?>
<testsuite name="tests.PracticeFormWithJavaFaker" tests="1" skipped="0" failures="0" errors="0" timestamp="2024-02-11T07:23:22" hostname="Noutbuk-Kwlad1ck.local" time="18.658">
  <properties/>
  <testcase name="Заполнение форма регистрации с проверкой введеных результатов" classname="tests.PracticeFormWithJavaFaker" time="18.658"/>
  <system-out><![CDATA[]]></system-out>
  <system-err><![CDATA[]]></system-err>
</testsuite>
